<?xml version="1.0" encoding="UTF-8"?>
<testsuite name="com.sk.sample.dining.payment.AppTest" time="0" tests="1" errors="0" skipped="0" failures="0">
  <properties>
    <property name="java.runtime.name" value="OpenJDK Runtime Environment"/>
    <property name="sun.boot.library.path" value="C:\zulu\jre\bin"/>
    <property name="java.vm.version" value="25.202-b05"/>
    <property name="java.vm.vendor" value="Azul Systems, Inc."/>
    <property name="maven.multiModuleProjectDirectory" value="C:\Users\SKCC16D00085\git\intensive_course"/>
    <property name="java.vendor.url" value="http://www.azulsystems.com/"/>
    <property name="path.separator" value=";"/>
    <property name="java.rmi.server.randomIDs" value="true"/>
    <property name="guice.disable.misplaced.annotation.check" value="true"/>
    <property name="java.vm.name" value="OpenJDK 64-Bit Server VM"/>
    <property name="file.encoding.pkg" value="sun.io"/>
    <property name="user.script" value=""/>
    <property name="user.country" value="KR"/>
    <property name="sun.java.launcher" value="SUN_STANDARD"/>
    <property name="sun.os.patch.level" value="Service Pack 1"/>
    <property name="java.vm.specification.name" value="Java Virtual Machine Specification"/>
    <property name="user.dir" value="C:\Users\SKCC16D00085\git\intensive_course"/>
    <property name="java.runtime.version" value="1.8.0_202-b05"/>
    <property name="java.awt.graphicsenv" value="sun.awt.Win32GraphicsEnvironment"/>
    <property name="java.endorsed.dirs" value="C:\zulu\jre\lib\endorsed"/>
    <property name="os.arch" value="amd64"/>
    <property name="java.io.tmpdir" value="C:\Users\SKCC16~1\AppData\Local\Temp\"/>
    <property name="line.separator" value="&#10;"/>
    <property name="java.vm.specification.vendor" value="Oracle Corporation"/>
    <property name="user.variant" value=""/>
    <property name="os.name" value="Windows 7"/>
    <property name="classworlds.conf" value="C:\Users\SKCC16D00085\.metadata\.plugins\org.eclipse.m2e.launching\launches\m2conf1038628308712553655.tmp"/>
    <property name="sun.jnu.encoding" value="MS949"/>
    <property name="java.library.path" value="C:\zulu\bin;C:\Windows\Sun\Java\bin;C:\Windows\system32;C:\Windows;C:/zulu/bin/../jre/bin/server;C:/zulu/bin/../jre/bin;C:/zulu/bin/../jre/lib/amd64;C:\go_test\src\github.com\amsokol\go-grpc-http-rest-microservice-tutorial\protoc-3.8.0-win64\include;C:\go_test\src\github.com\amsokol\go-grpc-http-rest-microservice-tutorial\protoc-3.8.0-win64\bin;C:\go_test\go-grpc-http-rest-microservice-tutorial\protoc-3.8.0-win64\bin;C:\Users\SKCC16D00085\workspace\apache-maven-3.6.0-bin\apache-maven-3.6.0\bin;C:\sonar-scanner\bin;C:\sonarqube\bin\windows-x86-64;C:\zulu\bin;C:\Program Files (x86)\Intel\iCLS Client\;C:\Program Files\Intel\iCLS Client\;C:\Windows\system32;C:\Windows;C:\Windows\System32\Wbem;C:\Windows\System32\WindowsPowerShell\v1.0\;C:\Program Files (x86)\Intel\Intel(R) Management Engine Components\DAL;C:\Program Files\Intel\Intel(R) Management Engine Components\DAL;C:\Program Files (x86)\Intel\Intel(R) Management Engine Components\IPT;C:\Program Files\Intel\Intel(R) Management Engine Components\IPT;C:\Go\bin;C:\Program Files\Java\jdk1.8.0_171\bin;C:\kubectl;C:\Program Files\Cloud Foundry;C:\HashiCorp\Vagrant\bin;D:\MongoDB\mongodb-win32-x86_64-2008plus-ssl-4.0.9\bin;C:\Program Files\Amazon\AWSCLI\bin\;C:\Program Files\PuTTY\;C:\Program Files\nodejs\;C:\Program Files\Git\cmd;C:\Program Files (x86)\Google\Cloud SDK\google-cloud-sdk\bin;C:\Users\SKCC16D00085\Anaconda3;C:\Users\SKCC16D00085\Anaconda3\Library\mingw-w64\bin;C:\Users\SKCC16D00085\Anaconda3\Library\usr\bin;C:\Users\SKCC16D00085\Anaconda3\Library\bin;C:\Users\SKCC16D00085\Anaconda3\Scripts;C:\go_test\src\github.com\amsokol\go-grpc-http-rest-microservice-tutorial\protoc-3.8.0-win64\bin;C:\Users\SKCC16D00085\go\include;C:\go_test\src\github.com\amsokol\go-grpc-http-rest-microservice-tutorial\protoc-3.8.0-win64\bin;C:\Users\SKCC16D00085\go\bin;C:\Users\SKCC16D00085\AppData\Local\atom\bin;C:\Program Files\Docker Toolbox;C:\Users\SKCC16D00085\AppData\Local\GitHubDesktop\bin;C:\Users\SKCC16D00085\AppData\Local\Programs\Microsoft VS Code\bin;C:\Users\SKCC16D00085\AppData\Roaming\npm;C:\sts-4.2.0.RELEASE;;."/>
    <property name="java.specification.name" value="Java Platform API Specification"/>
    <property name="java.class.version" value="52.0"/>
    <property name="sun.management.compiler" value="HotSpot 64-Bit Tiered Compilers"/>
    <property name="os.version" value="6.1"/>
    <property name="user.home" value="C:\Users\SKCC16D00085"/>
    <property name="user.timezone" value="Asia/Seoul"/>
    <property name="java.awt.printerjob" value="sun.awt.windows.WPrinterJob"/>
    <property name="java.specification.version" value="1.8"/>
    <property name="file.encoding" value="MS949"/>
    <property name="user.name" value="SKCC16D00085"/>
    <property name="java.class.path" value="C:\sts-4.2.0.RELEASE\plugins\org.eclipse.m2e.maven.runtime_1.11.0.20190220-2117\jars\plexus-classworlds-2.5.2.jar"/>
    <property name="java.vm.specification.version" value="1.8"/>
    <property name="sun.arch.data.model" value="64"/>
    <property name="java.home" value="C:\zulu\jre"/>
    <property name="sun.java.command" value="org.codehaus.plexus.classworlds.launcher.Launcher -B install"/>
    <property name="java.specification.vendor" value="Oracle Corporation"/>
    <property name="user.language" value="ko"/>
    <property name="awt.toolkit" value="sun.awt.windows.WToolkit"/>
    <property name="java.vm.info" value="mixed mode"/>
    <property name="java.version" value="1.8.0_202"/>
    <property name="java.ext.dirs" value="C:\zulu\jre\lib\ext;C:\Windows\Sun\Java\lib\ext"/>
    <property name="sun.boot.class.path" value="C:\zulu\jre\lib\resources.jar;C:\zulu\jre\lib\rt.jar;C:\zulu\jre\lib\sunrsasign.jar;C:\zulu\jre\lib\jsse.jar;C:\zulu\jre\lib\jce.jar;C:\zulu\jre\lib\charsets.jar;C:\zulu\jre\lib\jfr.jar;C:\zulu\jre\classes"/>
    <property name="java.vendor" value="Azul Systems, Inc."/>
    <property name="maven.home" value="C:\Users\SKCC16D00085\git\intensive_course\EMBEDDED"/>
    <property name="file.separator" value="\"/>
    <property name="java.vendor.url.bug" value="http://www.azulsystems.com/support/"/>
    <property name="sun.cpu.endian" value="little"/>
    <property name="sun.io.unicode.encoding" value="UnicodeLittle"/>
    <property name="sun.desktop" value="windows"/>
    <property name="sun.cpu.isalist" value="amd64"/>
  </properties>
  <testcase name="testApp" classname="com.sk.sample.dining.payment.AppTest" time="0"/>
</testsuite>